<?xml version="1.0" encoding="UTF-8"?>
<testsuite xmlns:xsi="http://www.w3.org/2001/XMLSchema-instance" xsi:noNamespaceSchemaLocation="https://maven.apache.org/surefire/maven-surefire-plugin/xsd/surefire-test-report-3.0.xsd" version="3.0" name="com.example.accessingdatajpa.AccessingDataJpaApplicationTests" time="3.691" tests="1" errors="0" skipped="0" failures="0">
  <properties>
[...]
</properties>
  <testcase name="contextLoads" classname="com.example.accessingdatajpa.AccessingDataJpaApplicationTests" time="0.466">
    <system-out><![CDATA[14:27:51.849 [main] INFO org.springframework.test.context.support.AnnotationConfigContextLoaderUtils -- Could not detect default configuration classes for test class [com.example.accessingdatajpa.AccessingDataJpaApplicationTests]: AccessingDataJpaApplicationTests does not declare any static, non-private, non-final, nested classes annotated with @Configuration.
14:27:51.930 [main] INFO org.springframework.boot.test.context.SpringBootTestContextBootstrapper -- Found @SpringBootConfiguration com.example.accessingdatajpa.AccessingDataJpaApplication for test class com.example.accessingdatajpa.AccessingDataJpaApplicationTests

  .   ____          _            __ _ _
 /\\ / ___'_ __ _ _(_)_ __  __ _ \ \ \ \
( ( )\___ | '_ | '_| | '_ \/ _` | \ \ \ \
 \\/  ___)| |_)| | | | | || (_| |  ) ) ) )
  '  |____| .__|_| |_|_| |_\__, | / / / /
 =========|_|==============|___/=/_/_/_/
 :: Spring Boot ::                (v3.1.5)

2023-11-19T14:27:52.254+02:00  INFO 10400 --- [           main] c.e.a.AccessingDataJpaApplicationTests   : Starting AccessingDataJpaApplicationTests using Java 20.0.2 with PID 10400 (started by alexa in C:\Users\alexa\Desktop\Workouts\Tema 10\gs-accessing-data-jpa-main\initial)
2023-11-19T14:27:52.255+02:00  INFO 10400 --- [           main] c.e.a.AccessingDataJpaApplicationTests   : No active profile set, falling back to 1 default profile: "default"
2023-11-19T14:27:52.583+02:00  INFO 10400 --- [           main] .s.d.r.c.RepositoryConfigurationDelegate : Bootstrapping Spring Data JPA repositories in DEFAULT mode.
2023-11-19T14:27:52.625+02:00  INFO 10400 --- [           main] .s.d.r.c.RepositoryConfigurationDelegate : Finished Spring Data repository scanning in 36 ms. Found 1 JPA repository interfaces.
2023-11-19T14:27:53.034+02:00  INFO 10400 --- [           main] com.zaxxer.hikari.HikariDataSource       : HikariPool-1 - Starting...
2023-11-19T14:27:53.227+02:00  INFO 10400 --- [           main] com.zaxxer.hikari.pool.HikariPool        : HikariPool-1 - Added connection conn0: url=jdbc:h2:mem:29a9188d-b439-4c87-8bf6-f9076488e8a0 user=SA
2023-11-19T14:27:53.228+02:00  INFO 10400 --- [           main] com.zaxxer.hikari.HikariDataSource       : HikariPool-1 - Start completed.
2023-11-19T14:27:53.269+02:00  INFO 10400 --- [           main] o.hibernate.jpa.internal.util.LogHelper  : HHH000204: Processing PersistenceUnitInfo [name: default]
2023-11-19T14:27:53.322+02:00  INFO 10400 --- [           main] org.hibernate.Version                    : HHH000412: Hibernate ORM core version 6.2.13.Final
2023-11-19T14:27:53.324+02:00  INFO 10400 --- [           main] org.hibernate.cfg.Environment            : HHH000406: Using bytecode reflection optimizer
2023-11-19T14:27:53.565+02:00  INFO 10400 --- [           main] o.s.o.j.p.SpringPersistenceUnitInfo      : No LoadTimeWeaver setup: ignoring JPA class transformer
2023-11-19T14:27:54.282+02:00  INFO 10400 --- [           main] o.h.e.t.j.p.i.JtaPlatformInitiator       : HHH000489: No JTA platform available (set 'hibernate.transaction.jta.platform' to enable JTA platform integration)
2023-11-19T14:27:54.310+02:00  INFO 10400 --- [           main] j.LocalContainerEntityManagerFactoryBean : Initialized JPA EntityManagerFactory for persistence unit 'default'
2023-11-19T14:27:54.739+02:00  INFO 10400 --- [           main] c.e.a.AccessingDataJpaApplicationTests   : Started AccessingDataJpaApplicationTests in 2.689 seconds (process running for 3.509)
2023-11-19T14:27:54.795+02:00  INFO 10400 --- [           main] c.e.a.AccessingDataJpaApplication        : Customers found with findAll():
2023-11-19T14:27:54.795+02:00  INFO 10400 --- [           main] c.e.a.AccessingDataJpaApplication        : -------------------------------
2023-11-19T14:27:54.864+02:00  INFO 10400 --- [           main] c.e.a.AccessingDataJpaApplication        : Customer[id=1, firstName='null', lastName= 'Bauer']
2023-11-19T14:27:54.864+02:00  INFO 10400 --- [           main] c.e.a.AccessingDataJpaApplication        : Customer[id=2, firstName='null', lastName= 'O'Brian']
2023-11-19T14:27:54.864+02:00  INFO 10400 --- [           main] c.e.a.AccessingDataJpaApplication        : Customer[id=3, firstName='null', lastName= 'Bauer']
2023-11-19T14:27:54.864+02:00  INFO 10400 --- [           main] c.e.a.AccessingDataJpaApplication        : Customer[id=4, firstName='null', lastName= 'Palmer']
2023-11-19T14:27:54.864+02:00  INFO 10400 --- [           main] c.e.a.AccessingDataJpaApplication        : Customer[id=5, firstName='null', lastName= 'Dessler']
2023-11-19T14:27:54.864+02:00  INFO 10400 --- [           main] c.e.a.AccessingDataJpaApplication        : 
2023-11-19T14:27:54.871+02:00  INFO 10400 --- [           main] c.e.a.AccessingDataJpaApplication        : Customer found with findById(1L):
2023-11-19T14:27:54.872+02:00  INFO 10400 --- [           main] c.e.a.AccessingDataJpaApplication        : --------------------------------
2023-11-19T14:27:54.872+02:00  INFO 10400 --- [           main] c.e.a.AccessingDataJpaApplication        : Customer[id=1, firstName='null', lastName= 'Bauer']
2023-11-19T14:27:54.872+02:00  INFO 10400 --- [           main] c.e.a.AccessingDataJpaApplication        : 
2023-11-19T14:27:54.872+02:00  INFO 10400 --- [           main] c.e.a.AccessingDataJpaApplication        : Customer found with findByLastName('Bauer'):
2023-11-19T14:27:54.872+02:00  INFO 10400 --- [           main] c.e.a.AccessingDataJpaApplication        : --------------------------------------------
2023-11-19T14:27:54.909+02:00  INFO 10400 --- [           main] c.e.a.AccessingDataJpaApplication        : Customer[id=1, firstName='null', lastName= 'Bauer']
2023-11-19T14:27:54.909+02:00  INFO 10400 --- [           main] c.e.a.AccessingDataJpaApplication        : Customer[id=3, firstName='null', lastName= 'Bauer']
2023-11-19T14:27:54.909+02:00  INFO 10400 --- [           main] c.e.a.AccessingDataJpaApplication        : 
]]></system-out>
  </testcase>
</testsuite>